<?xml version="1.0" encoding="UTF-8"?>
<!-- Generated by org.testng.reporters.JUnitReportReporter -->
<testsuite hostname="DESKTOP-FQ8REV2" failures="0" tests="1" name="Tests.CreateMerchantTest" time="0.052" errors="0" timestamp="2025-03-13T16:53:44 IST" skipped="0">
  <testcase classname="Tests.CreateMerchantTest" name="CreateMerchantScenario" time="0.052"/>
</testsuite> <!-- Tests.CreateMerchantTest -->
