<?xml version="1.0" encoding="UTF-8"?>
<!-- Generated by org.testng.reporters.JUnitReportReporter -->
<testsuite hostname="DESKTOP-FQ8REV2" failures="0" tests="1" name="Tests.WalletTest" time="52.853" errors="0" timestamp="2025-03-26T18:58:51 IST" skipped="0">
  <testcase classname="Tests.WalletTest" name="WalletTestScenario" time="52.853">
    <system-out>
      <![CDATA[Clicked the 'Wallet' button.
Successfully clicked the 'Withdraw' button.
Successfully clicked the 'swap' Button.
Successfully clicked the 'Back Navigation' button.
Successfully clicked the 'Buy' Button 
Successfully clicked the 'Back Navigation' button.
Successfully clicked the 'sell' Button.
Successfully clicked the 'Back Navigation' button.]]>
    </system-out>
  </testcase> <!-- WalletTestScenario -->
  <system-out>
    <![CDATA[Clicked the 'Wallet' button.
Successfully clicked the 'Withdraw' button.
Successfully clicked the 'swap' Button.
Successfully clicked the 'Back Navigation' button.
Successfully clicked the 'Buy' Button 
Successfully clicked the 'Back Navigation' button.
Successfully clicked the 'sell' Button.
Successfully clicked the 'Back Navigation' button.]]>
  </system-out>
</testsuite> <!-- Tests.WalletTest -->
