<?xml version="1.0" encoding="UTF-8"?>
<!-- Generated by org.testng.reporters.JUnitReportReporter -->
<testsuite hostname="DESKTOP-FQ8REV2" failures="0" tests="1" name="Tests.PayToMobileNumber" time="46.323" errors="0" timestamp="2025-03-20T17:50:07 IST" skipped="0">
  <testcase classname="Tests.PayToMobileNumber" name="Pay_To_Mobile_Number_Scenario" time="46.323">
    <system-out>
      <![CDATA[<b>‚úÖ Clicked on the 'Pay to Mobile Number' TextView.</b>
<b>‚è± Execution Time for clickPayToMobileNumber(): 3712 ms</b>
‚úÖ Clicked and entered number in the 'Enter Number / Name' EditText field.
<b>‚è± Execution Time for clickEditTextField(): 5077 ms</b>
‚úÖ Successfully clicked on the specified name ('Tap to pay').
<b>‚è± Execution Time for clickIfNameAppears(): 8855 ms</b>
‚úÖ Entered amount: 10
<b>‚è± Execution Time for enterAmount(): 3246 ms</b>
‚úÖ Clicked on 'Bitcoin, BTC, Bitcoin Mainnet'.
<b>‚è± Execution Time for clickBitcoinElement(): 1312 ms</b>
‚úÖ Successfully clicked on USDC checkbox.
<b>‚è± Execution Time for clickUSDCElement(): 7283 ms</b>
‚úÖ Clicked on 'Confirm' button.
<b>‚è± Execution Time for clickConfirmButton(): 284 ms</b>
‚úÖ Pay Button Found. Clicking on it...
‚úÖ Pay Button Clicked Successfully
<b>‚è± Execution Time for clickOnPayButton(): 1322 ms</b>
‚úÖ Successfully entered PIN: 25
üî¢ Entered PIN: 25
<b>‚úÖ Clicked on 'Submit' button in UCPI page.</b>
‚ùå Error Message Displayed: Please enter 4 digit PIN
<b>‚úÖ Clicked on 'Submit' button in UCPI page.</b>
<b style='color: white; background-color: red; padding: 5px;'>‚ùå Error Message Displayed: Please enter 4 digit PIN</b>
<b>‚è± Execution Time for verifyTransactionSuccess(): 2744 ms</b>
‚úÖSuccessfully clicked on the cancel button , 
<b>‚úÖ Pressed the Android system Back button.</b>
<b>‚úÖ Pressed the Android system Back button.</b>]]>
    </system-out>
  </testcase> <!-- Pay_To_Mobile_Number_Scenario -->
  <system-out>
    <![CDATA[<b>‚úÖ Clicked on the 'Pay to Mobile Number' TextView.</b>
<b>‚è± Execution Time for clickPayToMobileNumber(): 3712 ms</b>
‚úÖ Clicked and entered number in the 'Enter Number / Name' EditText field.
<b>‚è± Execution Time for clickEditTextField(): 5077 ms</b>
‚úÖ Successfully clicked on the specified name ('Tap to pay').
<b>‚è± Execution Time for clickIfNameAppears(): 8855 ms</b>
‚úÖ Entered amount: 10
<b>‚è± Execution Time for enterAmount(): 3246 ms</b>
‚úÖ Clicked on 'Bitcoin, BTC, Bitcoin Mainnet'.
<b>‚è± Execution Time for clickBitcoinElement(): 1312 ms</b>
‚úÖ Successfully clicked on USDC checkbox.
<b>‚è± Execution Time for clickUSDCElement(): 7283 ms</b>
‚úÖ Clicked on 'Confirm' button.
<b>‚è± Execution Time for clickConfirmButton(): 284 ms</b>
‚úÖ Pay Button Found. Clicking on it...
‚úÖ Pay Button Clicked Successfully
<b>‚è± Execution Time for clickOnPayButton(): 1322 ms</b>
‚úÖ Successfully entered PIN: 25
üî¢ Entered PIN: 25
<b>‚úÖ Clicked on 'Submit' button in UCPI page.</b>
‚ùå Error Message Displayed: Please enter 4 digit PIN
<b>‚úÖ Clicked on 'Submit' button in UCPI page.</b>
<b style='color: white; background-color: red; padding: 5px;'>‚ùå Error Message Displayed: Please enter 4 digit PIN</b>
<b>‚è± Execution Time for verifyTransactionSuccess(): 2744 ms</b>
‚úÖSuccessfully clicked on the cancel button , 
<b>‚úÖ Pressed the Android system Back button.</b>
<b>‚úÖ Pressed the Android system Back button.</b>]]>
  </system-out>
</testsuite> <!-- Tests.PayToMobileNumber -->
