<?xml version="1.0" encoding="UTF-8"?>
<!-- Generated by org.testng.reporters.JUnitReportReporter -->
<testsuite hostname="DESKTOP-FQ8REV2" failures="0" tests="1" name="Tests.PayContactAddress" time="48.883" errors="0" timestamp="2025-03-20T14:02:02 IST" skipped="0">
  <testcase classname="Tests.PayContactAddress" name="Pay_contact_Address_Scenario" time="48.883">
    <system-out>
      <![CDATA[<b>✅ Clicked on the 'Pay Contacts / Address' TextView.</b>
✅ Clicked and entered contact name in the 'Enter Number / Name' EditText field.
<b>⏱ Execution Time for clickEditTextField(): 5082 ms</b>
✅ Successfully clicked on the specified contact ('Subbu Paycio, 6304869664').
<b>⏱ Execution Time for clickIfNameAppearsForContacts(): 2097 ms</b>
✅ Entered amount: 10
<b>⏱ Execution Time for enterAmount(): 2874 ms</b>
✅ Clicked on 'Bitcoin, BTC, Bitcoin Mainnet'.
<b>⏱ Execution Time for clickBitcoinElement(): 1278 ms</b>
✅ Successfully clicked on USDC checkbox.
<b>⏱ Execution Time for clickUSDCElement(): 5961 ms</b>
✅ Clicked on 'Confirm' button.
<b>⏱ Execution Time for clickConfirmButton(): 1885 ms</b>
✅ Pay Button Found. Clicking on it...
✅ Pay Button Clicked Successfully
<b>⏱ Execution Time for clickOnPayButton(): 769 ms</b>
✅ Successfully entered PIN: 2580
<b>✅ Clicked on 'Submit' button in UCPI page.</b>
✅ Transaction Success Message Displayed: Transaction Successfull
<b>⏱ Execution Time for verifyTransactionSuccess(): 8115 ms</b>
✅Successfully clicked on the cancel button , 
<b>✅ Pressed the Android system Back button.</b>
<b>✅ Pressed the Android system Back button.</b>]]>
    </system-out>
  </testcase> <!-- Pay_contact_Address_Scenario -->
  <system-out>
    <![CDATA[<b>✅ Clicked on the 'Pay Contacts / Address' TextView.</b>
✅ Clicked and entered contact name in the 'Enter Number / Name' EditText field.
<b>⏱ Execution Time for clickEditTextField(): 5082 ms</b>
✅ Successfully clicked on the specified contact ('Subbu Paycio, 6304869664').
<b>⏱ Execution Time for clickIfNameAppearsForContacts(): 2097 ms</b>
✅ Entered amount: 10
<b>⏱ Execution Time for enterAmount(): 2874 ms</b>
✅ Clicked on 'Bitcoin, BTC, Bitcoin Mainnet'.
<b>⏱ Execution Time for clickBitcoinElement(): 1278 ms</b>
✅ Successfully clicked on USDC checkbox.
<b>⏱ Execution Time for clickUSDCElement(): 5961 ms</b>
✅ Clicked on 'Confirm' button.
<b>⏱ Execution Time for clickConfirmButton(): 1885 ms</b>
✅ Pay Button Found. Clicking on it...
✅ Pay Button Clicked Successfully
<b>⏱ Execution Time for clickOnPayButton(): 769 ms</b>
✅ Successfully entered PIN: 2580
<b>✅ Clicked on 'Submit' button in UCPI page.</b>
✅ Transaction Success Message Displayed: Transaction Successfull
<b>⏱ Execution Time for verifyTransactionSuccess(): 8115 ms</b>
✅Successfully clicked on the cancel button , 
<b>✅ Pressed the Android system Back button.</b>
<b>✅ Pressed the Android system Back button.</b>]]>
  </system-out>
</testsuite> <!-- Tests.PayContactAddress -->
